2025-03-12T15:24:09.735+09:00  INFO 3172 --- [MySpringBoot3.3] [restartedMain] com.basic.myspringboot.Application       : Starting Application using Java 17.0.2 with PID 3172 (C:\springboot\MySpringBoot3.3\target\classes started by kosta in C:\springboot\MySpringBoot3.3)
2025-03-12T15:24:09.735+09:00  INFO 3172 --- [MySpringBoot3.3] [restartedMain] com.basic.myspringboot.Application       : The following 1 profile is active: "test"
2025-03-12T15:24:10.122+09:00  INFO 3172 --- [MySpringBoot3.3] [restartedMain] .s.d.r.c.RepositoryConfigurationDelegate : Bootstrapping Spring Data JPA repositories in DEFAULT mode.
2025-03-12T15:24:10.125+09:00  INFO 3172 --- [MySpringBoot3.3] [restartedMain] .s.d.r.c.RepositoryConfigurationDelegate : Finished Spring Data repository scanning in 2 ms. Found 0 JPA repository interfaces.
2025-03-12T15:24:10.298+09:00  INFO 3172 --- [MySpringBoot3.3] [restartedMain] o.s.b.w.embedded.tomcat.TomcatWebServer  : Tomcat initialized with port 8080 (http)
2025-03-12T15:24:10.299+09:00  INFO 3172 --- [MySpringBoot3.3] [restartedMain] o.apache.catalina.core.StandardService   : Starting service [Tomcat]
2025-03-12T15:24:10.299+09:00  INFO 3172 --- [MySpringBoot3.3] [restartedMain] o.apache.catalina.core.StandardEngine    : Starting Servlet engine: [Apache Tomcat/10.1.36]
2025-03-12T15:24:10.325+09:00  INFO 3172 --- [MySpringBoot3.3] [restartedMain] o.a.c.c.C.[Tomcat].[localhost].[/]       : Initializing Spring embedded WebApplicationContext
2025-03-12T15:24:10.325+09:00  INFO 3172 --- [MySpringBoot3.3] [restartedMain] w.s.c.ServletWebServerApplicationContext : Root WebApplicationContext: initialization completed in 587 ms
2025-03-12T15:24:10.454+09:00  INFO 3172 --- [MySpringBoot3.3] [restartedMain] com.zaxxer.hikari.HikariDataSource       : HikariPool-2 - Starting...
2025-03-12T15:24:10.456+09:00  INFO 3172 --- [MySpringBoot3.3] [restartedMain] com.zaxxer.hikari.pool.HikariPool        : HikariPool-2 - Added connection conn10: url=jdbc:h2:mem:2edd2312-8e68-4a07-b734-6e4219674390 user=SA
2025-03-12T15:24:10.457+09:00  INFO 3172 --- [MySpringBoot3.3] [restartedMain] com.zaxxer.hikari.HikariDataSource       : HikariPool-2 - Start completed.
2025-03-12T15:24:10.458+09:00  INFO 3172 --- [MySpringBoot3.3] [restartedMain] o.hibernate.jpa.internal.util.LogHelper  : HHH000204: Processing PersistenceUnitInfo [name: default]
2025-03-12T15:24:10.461+09:00  INFO 3172 --- [MySpringBoot3.3] [restartedMain] o.h.c.internal.RegionFactoryInitiator    : HHH000026: Second-level cache disabled
2025-03-12T15:24:10.473+09:00  INFO 3172 --- [MySpringBoot3.3] [restartedMain] o.s.o.j.p.SpringPersistenceUnitInfo      : No LoadTimeWeaver setup: ignoring JPA class transformer
2025-03-12T15:24:10.496+09:00  INFO 3172 --- [MySpringBoot3.3] [restartedMain] o.h.e.t.j.p.i.JtaPlatformInitiator       : HHH000489: No JTA platform available (set 'hibernate.transaction.jta.platform' to enable JTA platform integration)
2025-03-12T15:24:10.496+09:00  INFO 3172 --- [MySpringBoot3.3] [restartedMain] j.LocalContainerEntityManagerFactoryBean : Initialized JPA EntityManagerFactory for persistence unit 'default'
2025-03-12T15:24:10.565+09:00  WARN 3172 --- [MySpringBoot3.3] [restartedMain] JpaBaseConfiguration$JpaWebConfiguration : spring.jpa.open-in-view is enabled by default. Therefore, database queries may be performed during view rendering. Explicitly configure spring.jpa.open-in-view to disable this warning
2025-03-12T15:24:10.744+09:00  WARN 3172 --- [MySpringBoot3.3] [restartedMain] ion$DefaultTemplateResolverConfiguration : Cannot find template location: classpath:/templates/ (please add some templates, check your Thymeleaf configuration, or set spring.thymeleaf.check-template-location=false)
2025-03-12T15:24:10.903+09:00  INFO 3172 --- [MySpringBoot3.3] [restartedMain] o.s.b.a.h2.H2ConsoleAutoConfiguration    : H2 console available at '/h2-console'. Database available at 'jdbc:h2:mem:2edd2312-8e68-4a07-b734-6e4219674390'
2025-03-12T15:24:10.933+09:00  INFO 3172 --- [MySpringBoot3.3] [restartedMain] o.s.b.d.a.OptionalLiveReloadServer       : LiveReload server is running on port 35729
2025-03-12T15:24:10.938+09:00  INFO 3172 --- [MySpringBoot3.3] [restartedMain] o.s.b.a.e.web.EndpointLinksResolver      : Exposing 1 endpoint beneath base path '/actuator'
2025-03-12T15:24:10.958+09:00  INFO 3172 --- [MySpringBoot3.3] [restartedMain] o.s.b.w.embedded.tomcat.TomcatWebServer  : Tomcat started on port 8080 (http) with context path '/'
2025-03-12T15:24:10.965+09:00  INFO 3172 --- [MySpringBoot3.3] [restartedMain] com.basic.myspringboot.Application       : Started Application in 1.287 seconds (process running for 491.831)
2025-03-12T15:24:10.969+09:00  INFO 3172 --- [MySpringBoot3.3] [restartedMain] .ConditionEvaluationDeltaLoggingListener : Condition evaluation unchanged
2025-03-12T15:24:25.671+09:00  INFO 3172 --- [MySpringBoot3.3] [File Watcher] rtingClassPathChangeChangedEventListener : Restarting due to 1 class path change (0 additions, 0 deletions, 1 modification)
2025-03-12T15:24:25.769+09:00  INFO 3172 --- [MySpringBoot3.3] [Thread-7] j.LocalContainerEntityManagerFactoryBean : Closing JPA EntityManagerFactory for persistence unit 'default'
2025-03-12T15:24:25.770+09:00  WARN 3172 --- [MySpringBoot3.3] [Thread-7] o.s.b.f.support.DisposableBeanAdapter    : Invocation of destroy method failed on bean with name 'inMemoryDatabaseShutdownExecutor': org.h2.jdbc.JdbcSQLNonTransientConnectionException: Database is already closed (to disable automatic closing at VM shutdown, add ";DB_CLOSE_ON_EXIT=FALSE" to the db URL) [90121-224]
2025-03-12T15:24:25.771+09:00  INFO 3172 --- [MySpringBoot3.3] [Thread-7] com.zaxxer.hikari.HikariDataSource       : HikariPool-2 - Shutdown initiated...
2025-03-12T15:24:25.771+09:00  INFO 3172 --- [MySpringBoot3.3] [Thread-7] com.zaxxer.hikari.HikariDataSource       : HikariPool-2 - Shutdown completed.
2025-03-12T15:24:25.853+09:00  INFO 3172 --- [MySpringBoot3.3] [restartedMain] com.basic.myspringboot.Application       : Starting Application using Java 17.0.2 with PID 3172 (C:\springboot\MySpringBoot3.3\target\classes started by kosta in C:\springboot\MySpringBoot3.3)
2025-03-12T15:24:25.853+09:00  INFO 3172 --- [MySpringBoot3.3] [restartedMain] com.basic.myspringboot.Application       : The following 1 profile is active: "test"
2025-03-12T15:24:26.142+09:00  INFO 3172 --- [MySpringBoot3.3] [restartedMain] .s.d.r.c.RepositoryConfigurationDelegate : Bootstrapping Spring Data JPA repositories in DEFAULT mode.
2025-03-12T15:24:26.145+09:00  INFO 3172 --- [MySpringBoot3.3] [restartedMain] .s.d.r.c.RepositoryConfigurationDelegate : Finished Spring Data repository scanning in 2 ms. Found 0 JPA repository interfaces.
2025-03-12T15:24:26.271+09:00  INFO 3172 --- [MySpringBoot3.3] [restartedMain] o.s.b.w.embedded.tomcat.TomcatWebServer  : Tomcat initialized with port 8080 (http)
2025-03-12T15:24:26.272+09:00  INFO 3172 --- [MySpringBoot3.3] [restartedMain] o.apache.catalina.core.StandardService   : Starting service [Tomcat]
2025-03-12T15:24:26.272+09:00  INFO 3172 --- [MySpringBoot3.3] [restartedMain] o.apache.catalina.core.StandardEngine    : Starting Servlet engine: [Apache Tomcat/10.1.36]
2025-03-12T15:24:26.300+09:00  INFO 3172 --- [MySpringBoot3.3] [restartedMain] o.a.c.c.C.[Tomcat].[localhost].[/]       : Initializing Spring embedded WebApplicationContext
2025-03-12T15:24:26.301+09:00  INFO 3172 --- [MySpringBoot3.3] [restartedMain] w.s.c.ServletWebServerApplicationContext : Root WebApplicationContext: initialization completed in 446 ms
2025-03-12T15:24:26.412+09:00  INFO 3172 --- [MySpringBoot3.3] [restartedMain] com.zaxxer.hikari.HikariDataSource       : HikariPool-3 - Starting...
2025-03-12T15:24:26.414+09:00  INFO 3172 --- [MySpringBoot3.3] [restartedMain] com.zaxxer.hikari.pool.HikariPool        : HikariPool-3 - Added connection conn20: url=jdbc:h2:mem:7a48889a-d751-421e-8a1c-eff8ef7d1963 user=SA
2025-03-12T15:24:26.414+09:00  INFO 3172 --- [MySpringBoot3.3] [restartedMain] com.zaxxer.hikari.HikariDataSource       : HikariPool-3 - Start completed.
2025-03-12T15:24:26.415+09:00  INFO 3172 --- [MySpringBoot3.3] [restartedMain] o.hibernate.jpa.internal.util.LogHelper  : HHH000204: Processing PersistenceUnitInfo [name: default]
2025-03-12T15:24:26.419+09:00  INFO 3172 --- [MySpringBoot3.3] [restartedMain] o.h.c.internal.RegionFactoryInitiator    : HHH000026: Second-level cache disabled
2025-03-12T15:24:26.426+09:00  INFO 3172 --- [MySpringBoot3.3] [restartedMain] o.s.o.j.p.SpringPersistenceUnitInfo      : No LoadTimeWeaver setup: ignoring JPA class transformer
2025-03-12T15:24:26.445+09:00  INFO 3172 --- [MySpringBoot3.3] [restartedMain] o.h.e.t.j.p.i.JtaPlatformInitiator       : HHH000489: No JTA platform available (set 'hibernate.transaction.jta.platform' to enable JTA platform integration)
2025-03-12T15:24:26.446+09:00  INFO 3172 --- [MySpringBoot3.3] [restartedMain] j.LocalContainerEntityManagerFactoryBean : Initialized JPA EntityManagerFactory for persistence unit 'default'
2025-03-12T15:24:26.495+09:00  WARN 3172 --- [MySpringBoot3.3] [restartedMain] JpaBaseConfiguration$JpaWebConfiguration : spring.jpa.open-in-view is enabled by default. Therefore, database queries may be performed during view rendering. Explicitly configure spring.jpa.open-in-view to disable this warning
2025-03-12T15:24:26.639+09:00  WARN 3172 --- [MySpringBoot3.3] [restartedMain] ion$DefaultTemplateResolverConfiguration : Cannot find template location: classpath:/templates/ (please add some templates, check your Thymeleaf configuration, or set spring.thymeleaf.check-template-location=false)
2025-03-12T15:24:26.784+09:00  INFO 3172 --- [MySpringBoot3.3] [restartedMain] o.s.b.a.h2.H2ConsoleAutoConfiguration    : H2 console available at '/h2-console'. Database available at 'jdbc:h2:mem:7a48889a-d751-421e-8a1c-eff8ef7d1963'
2025-03-12T15:24:26.813+09:00  INFO 3172 --- [MySpringBoot3.3] [restartedMain] o.s.b.d.a.OptionalLiveReloadServer       : LiveReload server is running on port 35729
2025-03-12T15:24:26.819+09:00  INFO 3172 --- [MySpringBoot3.3] [restartedMain] o.s.b.a.e.web.EndpointLinksResolver      : Exposing 1 endpoint beneath base path '/actuator'
2025-03-12T15:24:26.836+09:00  INFO 3172 --- [MySpringBoot3.3] [restartedMain] o.s.b.w.embedded.tomcat.TomcatWebServer  : Tomcat started on port 8080 (http) with context path '/'
2025-03-12T15:24:26.844+09:00  INFO 3172 --- [MySpringBoot3.3] [restartedMain] com.basic.myspringboot.Application       : Started Application in 1.023 seconds (process running for 507.71)
2025-03-12T15:24:26.847+09:00  INFO 3172 --- [MySpringBoot3.3] [restartedMain] .ConditionEvaluationDeltaLoggingListener : Condition evaluation unchanged
2025-03-12T15:24:41.525+09:00  INFO 3172 --- [MySpringBoot3.3] [File Watcher] rtingClassPathChangeChangedEventListener : Restarting due to 1 class path change (0 additions, 0 deletions, 1 modification)
2025-03-12T15:24:41.630+09:00  INFO 3172 --- [MySpringBoot3.3] [Thread-12] j.LocalContainerEntityManagerFactoryBean : Closing JPA EntityManagerFactory for persistence unit 'default'
2025-03-12T15:24:41.630+09:00  WARN 3172 --- [MySpringBoot3.3] [Thread-12] o.s.b.f.support.DisposableBeanAdapter    : Invocation of destroy method failed on bean with name 'inMemoryDatabaseShutdownExecutor': org.h2.jdbc.JdbcSQLNonTransientConnectionException: Database is already closed (to disable automatic closing at VM shutdown, add ";DB_CLOSE_ON_EXIT=FALSE" to the db URL) [90121-224]
2025-03-12T15:24:41.631+09:00  INFO 3172 --- [MySpringBoot3.3] [Thread-12] com.zaxxer.hikari.HikariDataSource       : HikariPool-3 - Shutdown initiated...
2025-03-12T15:24:41.632+09:00  INFO 3172 --- [MySpringBoot3.3] [Thread-12] com.zaxxer.hikari.HikariDataSource       : HikariPool-3 - Shutdown completed.
2025-03-12T15:24:41.709+09:00  INFO 3172 --- [MySpringBoot3.3] [restartedMain] com.basic.myspringboot.Application       : Starting Application using Java 17.0.2 with PID 3172 (C:\springboot\MySpringBoot3.3\target\classes started by kosta in C:\springboot\MySpringBoot3.3)
2025-03-12T15:24:41.709+09:00 DEBUG 3172 --- [MySpringBoot3.3] [restartedMain] com.basic.myspringboot.Application       : Running with Spring Boot v3.3.9, Spring v6.1.16
2025-03-12T15:24:41.709+09:00  INFO 3172 --- [MySpringBoot3.3] [restartedMain] com.basic.myspringboot.Application       : The following 1 profile is active: "test"
2025-03-12T15:24:42.001+09:00  INFO 3172 --- [MySpringBoot3.3] [restartedMain] .s.d.r.c.RepositoryConfigurationDelegate : Bootstrapping Spring Data JPA repositories in DEFAULT mode.
2025-03-12T15:24:42.003+09:00  INFO 3172 --- [MySpringBoot3.3] [restartedMain] .s.d.r.c.RepositoryConfigurationDelegate : Finished Spring Data repository scanning in 2 ms. Found 0 JPA repository interfaces.
2025-03-12T15:24:42.123+09:00  INFO 3172 --- [MySpringBoot3.3] [restartedMain] o.s.b.w.embedded.tomcat.TomcatWebServer  : Tomcat initialized with port 8080 (http)
2025-03-12T15:24:42.123+09:00  INFO 3172 --- [MySpringBoot3.3] [restartedMain] o.apache.catalina.core.StandardService   : Starting service [Tomcat]
2025-03-12T15:24:42.123+09:00  INFO 3172 --- [MySpringBoot3.3] [restartedMain] o.apache.catalina.core.StandardEngine    : Starting Servlet engine: [Apache Tomcat/10.1.36]
2025-03-12T15:24:42.145+09:00  INFO 3172 --- [MySpringBoot3.3] [restartedMain] o.a.c.c.C.[Tomcat].[localhost].[/]       : Initializing Spring embedded WebApplicationContext
2025-03-12T15:24:42.145+09:00  INFO 3172 --- [MySpringBoot3.3] [restartedMain] w.s.c.ServletWebServerApplicationContext : Root WebApplicationContext: initialization completed in 434 ms
2025-03-12T15:24:42.240+09:00  INFO 3172 --- [MySpringBoot3.3] [restartedMain] com.zaxxer.hikari.HikariDataSource       : HikariPool-4 - Starting...
2025-03-12T15:24:42.243+09:00  INFO 3172 --- [MySpringBoot3.3] [restartedMain] com.zaxxer.hikari.pool.HikariPool        : HikariPool-4 - Added connection conn30: url=jdbc:h2:mem:98e8dce7-c668-40d9-9a47-dc817c4fe585 user=SA
2025-03-12T15:24:42.243+09:00  INFO 3172 --- [MySpringBoot3.3] [restartedMain] com.zaxxer.hikari.HikariDataSource       : HikariPool-4 - Start completed.
2025-03-12T15:24:42.245+09:00  INFO 3172 --- [MySpringBoot3.3] [restartedMain] o.hibernate.jpa.internal.util.LogHelper  : HHH000204: Processing PersistenceUnitInfo [name: default]
2025-03-12T15:24:42.248+09:00  INFO 3172 --- [MySpringBoot3.3] [restartedMain] o.h.c.internal.RegionFactoryInitiator    : HHH000026: Second-level cache disabled
2025-03-12T15:24:42.259+09:00  INFO 3172 --- [MySpringBoot3.3] [restartedMain] o.s.o.j.p.SpringPersistenceUnitInfo      : No LoadTimeWeaver setup: ignoring JPA class transformer
2025-03-12T15:24:42.279+09:00  INFO 3172 --- [MySpringBoot3.3] [restartedMain] o.h.e.t.j.p.i.JtaPlatformInitiator       : HHH000489: No JTA platform available (set 'hibernate.transaction.jta.platform' to enable JTA platform integration)
2025-03-12T15:24:42.279+09:00  INFO 3172 --- [MySpringBoot3.3] [restartedMain] j.LocalContainerEntityManagerFactoryBean : Initialized JPA EntityManagerFactory for persistence unit 'default'
2025-03-12T15:24:42.326+09:00  WARN 3172 --- [MySpringBoot3.3] [restartedMain] JpaBaseConfiguration$JpaWebConfiguration : spring.jpa.open-in-view is enabled by default. Therefore, database queries may be performed during view rendering. Explicitly configure spring.jpa.open-in-view to disable this warning
2025-03-12T15:24:42.449+09:00  WARN 3172 --- [MySpringBoot3.3] [restartedMain] ion$DefaultTemplateResolverConfiguration : Cannot find template location: classpath:/templates/ (please add some templates, check your Thymeleaf configuration, or set spring.thymeleaf.check-template-location=false)
2025-03-12T15:24:42.588+09:00  INFO 3172 --- [MySpringBoot3.3] [restartedMain] o.s.b.a.h2.H2ConsoleAutoConfiguration    : H2 console available at '/h2-console'. Database available at 'jdbc:h2:mem:98e8dce7-c668-40d9-9a47-dc817c4fe585'
2025-03-12T15:24:42.612+09:00  INFO 3172 --- [MySpringBoot3.3] [restartedMain] o.s.b.d.a.OptionalLiveReloadServer       : LiveReload server is running on port 35729
2025-03-12T15:24:42.617+09:00  INFO 3172 --- [MySpringBoot3.3] [restartedMain] o.s.b.a.e.web.EndpointLinksResolver      : Exposing 1 endpoint beneath base path '/actuator'
2025-03-12T15:24:42.635+09:00  INFO 3172 --- [MySpringBoot3.3] [restartedMain] o.s.b.w.embedded.tomcat.TomcatWebServer  : Tomcat started on port 8080 (http) with context path '/'
2025-03-12T15:24:42.642+09:00  INFO 3172 --- [MySpringBoot3.3] [restartedMain] com.basic.myspringboot.Application       : Started Application in 0.958 seconds (process running for 523.508)
2025-03-12T15:24:42.645+09:00  INFO 3172 --- [MySpringBoot3.3] [restartedMain] .ConditionEvaluationDeltaLoggingListener : Condition evaluation unchanged
2025-03-12T15:24:52.216+09:00  INFO 3172 --- [MySpringBoot3.3] [File Watcher] rtingClassPathChangeChangedEventListener : Restarting due to 1 class path change (0 additions, 0 deletions, 1 modification)
2025-03-12T15:24:52.319+09:00  INFO 3172 --- [MySpringBoot3.3] [Thread-16] j.LocalContainerEntityManagerFactoryBean : Closing JPA EntityManagerFactory for persistence unit 'default'
2025-03-12T15:24:52.319+09:00  WARN 3172 --- [MySpringBoot3.3] [Thread-16] o.s.b.f.support.DisposableBeanAdapter    : Invocation of destroy method failed on bean with name 'inMemoryDatabaseShutdownExecutor': org.h2.jdbc.JdbcSQLNonTransientConnectionException: Database is already closed (to disable automatic closing at VM shutdown, add ";DB_CLOSE_ON_EXIT=FALSE" to the db URL) [90121-224]
2025-03-12T15:24:52.319+09:00  INFO 3172 --- [MySpringBoot3.3] [Thread-16] com.zaxxer.hikari.HikariDataSource       : HikariPool-4 - Shutdown initiated...
2025-03-12T15:24:52.320+09:00  INFO 3172 --- [MySpringBoot3.3] [Thread-16] com.zaxxer.hikari.HikariDataSource       : HikariPool-4 - Shutdown completed.
